{
  "RSpec": {
    "coverage": {
      "/home/saasbook/github/neptus/neptus-blueprint/app/models/user.rb": [
        1,
        null,
        null,
        1,
        null,
        null,
        null,
        1,
        null,
        1,
        null,
        null,
        1,
        1,
        null,
        null,
        1,
        null,
        null,
        1,
        1,
        1,
        1,
        1,
        1,
        1,
        1,
        1,
        1,
        null,
        null,
        1,
        1,
        1,
        1,
        1,
        1,
        1,
        1,
        1,
        1,
        1,
        1,
        1,
        1,
        1,
        1,
        1,
        1,
        1,
        1,
        1,
        null,
        null,
        1,
        null,
        null,
        1,
        null,
        null,
        null,
        null,
        1,
        0,
        0,
        0,
        null,
        0,
        null,
        null,
        null,
        null,
        null
      ],
      "/home/saasbook/github/neptus/neptus-blueprint/app/controllers/application_controller.rb": [
        1,
        1,
        null
      ],
      "/home/saasbook/github/neptus/neptus-blueprint/app/helpers/application_helper.rb": [
        1,
        null,
        1,
        0,
        0,
        0,
        0,
        0,
        null,
        null,
        null
      ],
      "/home/saasbook/github/neptus/neptus-blueprint/app/helpers/home_helper.rb": [
        1,
        null
      ],
      "/home/saasbook/github/neptus/neptus-blueprint/app/helpers/major_select_helper.rb": [
        1,
        null
      ],
      "/home/saasbook/github/neptus/neptus-blueprint/app/helpers/profilepage_helper.rb": [
        1,
        null
      ],
      "/home/saasbook/github/neptus/neptus-blueprint/app/helpers/welcome_helper.rb": [
        1,
        null
      ],
      "/home/saasbook/github/neptus/neptus-blueprint/app/controllers/major_select_controller.rb": [
        1,
        1,
        0,
        0,
        null,
        null,
        null,
        1,
        0,
        null,
        0,
        null,
        null,
        null
      ],
      "/home/saasbook/github/neptus/neptus-blueprint/app/controllers/profilepage_controller.rb": [
        1,
        1,
        null,
        1,
        0,
        null,
        0,
        0,
        0,
        0,
        0,
        0,
        0,
        null,
        null,
        0,
        0,
        0,
        null,
        null,
        null,
        1,
        0,
        0,
        0,
        0,
        null,
        0,
        0,
        0,
        0,
        null,
        0,
        null,
        null,
        null
      ],
      "/home/saasbook/github/neptus/neptus-blueprint/app/controllers/welcome_controller.rb": [
        1,
        1,
        null,
        null,
        1,
        null,
        null,
        1,
        null,
        null
      ],
      "/home/saasbook/github/neptus/neptus-blueprint/app/mailers/user_mailer.rb": [
        null,
        null,
        1,
        1,
        null,
        1,
        0,
        0,
        null,
        0,
        null,
        null
      ],
      "/home/saasbook/github/neptus/neptus-blueprint/app/models/campus_requirement.rb": [
        1,
        1,
        1,
        null,
        null,
        1,
        0,
        null,
        null,
        1,
        0,
        null,
        null,
        null,
        1,
        0,
        null,
        0,
        0,
        null,
        null,
        0,
        null,
        null,
        null
      ],
      "/home/saasbook/github/neptus/neptus-blueprint/app/models/college.rb": [
        1,
        1,
        1,
        null
      ],
      "/home/saasbook/github/neptus/neptus-blueprint/app/models/course.rb": [
        1,
        1,
        1,
        1,
        null,
        1,
        null,
        null
      ],
      "/home/saasbook/github/neptus/neptus-blueprint/app/models/ls_college_requirement.rb": [
        1,
        1,
        1,
        null,
        null,
        null,
        1,
        0,
        0,
        0,
        0,
        0,
        0,
        0,
        0,
        0,
        0,
        null,
        null,
        1,
        0,
        null,
        0,
        0,
        0,
        0,
        0,
        0,
        0,
        0,
        0,
        0,
        null,
        0,
        null,
        null,
        null,
        1,
        0,
        null,
        0,
        0,
        null,
        null,
        0,
        0,
        null,
        null,
        0,
        0,
        null,
        null,
        0,
        0,
        null,
        null,
        0,
        0,
        null,
        null,
        0,
        0,
        null,
        null,
        0,
        0,
        null,
        null,
        0,
        0,
        null,
        null,
        0,
        0,
        null,
        null,
        0,
        0,
        null,
        null,
        0,
        null,
        null,
        null
      ],
      "/home/saasbook/github/neptus/neptus-blueprint/app/models/major.rb": [
        1,
        1,
        1,
        null
      ],
      "/home/saasbook/github/neptus/neptus-blueprint/app/models/major_requirement.rb": [
        1,
        null,
        1,
        1,
        1,
        1,
        1,
        1,
        1,
        1,
        1,
        1,
        1,
        1,
        1,
        1,
        1,
        1,
        1,
        1,
        1,
        1,
        1,
        null,
        null,
        null,
        1,
        0,
        0,
        0,
        0,
        0,
        0,
        0,
        0,
        0,
        0,
        0,
        0,
        0,
        0,
        0,
        0,
        0,
        0,
        0,
        0,
        0,
        null,
        null,
        1,
        0,
        null,
        null,
        0,
        null,
        null,
        1,
        0,
        null,
        0,
        0,
        null,
        null,
        0,
        0,
        null,
        null,
        0,
        0,
        null,
        null,
        0,
        0,
        null,
        null,
        0,
        0,
        null,
        null,
        0,
        0,
        null,
        null,
        0,
        0,
        null,
        null,
        0,
        0,
        null,
        null,
        0,
        0,
        null,
        null,
        0,
        0,
        null,
        null,
        0,
        0,
        null,
        null,
        0,
        0,
        null,
        null,
        0,
        0,
        null,
        null,
        0,
        0,
        null,
        null,
        0,
        0,
        null,
        null,
        0,
        0,
        null,
        null,
        0,
        0,
        null,
        null,
        0,
        0,
        null,
        null,
        0,
        0,
        null,
        null,
        0,
        0,
        null,
        null,
        0,
        0,
        null,
        null,
        0,
        null,
        null,
        null
      ],
      "/home/saasbook/github/neptus/neptus-blueprint/app/models/university_requirement.rb": [
        1,
        1,
        1,
        null,
        null,
        null,
        1,
        0,
        0,
        null,
        null,
        1,
        0,
        null,
        0,
        0,
        null,
        0,
        null,
        null,
        1,
        0,
        null,
        0,
        0,
        null,
        null,
        0,
        0,
        null,
        null,
        0,
        null,
        null
      ]
    },
    "timestamp": 1385154510
  },
  "Cucumber Features": {
    "coverage": {
      "/home/saasbook/github/neptus/neptus-blueprint/app/models/user.rb": [
        1,
        null,
        null,
        1,
        null,
        null,
        null,
        1,
        null,
        1,
        null,
        null,
        1,
        1,
        null,
        null,
        1,
        null,
        null,
        1,
        1,
        1,
        1,
        1,
        1,
        1,
        1,
        1,
        1,
        null,
        null,
        1,
        1,
        1,
        1,
        1,
        1,
        1,
        1,
        1,
        1,
        1,
        1,
        1,
        1,
        1,
        1,
        1,
        1,
        1,
        1,
        1,
        null,
        null,
        1,
        null,
        null,
        1,
        null,
        null,
        null,
        null,
        1,
        0,
        0,
        0,
        null,
        0,
        null,
        null,
        null,
        null,
        null
      ],
      "/home/saasbook/github/neptus/neptus-blueprint/app/controllers/application_controller.rb": [
        1,
        1,
        null
      ],
      "/home/saasbook/github/neptus/neptus-blueprint/app/helpers/application_helper.rb": [
        1,
        null,
        1,
        6,
        6,
        0,
        0,
        0,
        null,
        null,
        null
      ],
      "/home/saasbook/github/neptus/neptus-blueprint/app/helpers/home_helper.rb": [
        1,
        null
      ],
      "/home/saasbook/github/neptus/neptus-blueprint/app/helpers/major_select_helper.rb": [
        1,
        null
      ],
      "/home/saasbook/github/neptus/neptus-blueprint/app/helpers/profilepage_helper.rb": [
        1,
        null
      ],
      "/home/saasbook/github/neptus/neptus-blueprint/app/helpers/welcome_helper.rb": [
        1,
        null
      ],
      "/home/saasbook/github/neptus/neptus-blueprint/app/controllers/major_select_controller.rb": [
        1,
        1,
        0,
        0,
        null,
        null,
        null,
        1,
        0,
        null,
        0,
        null,
        null,
        null
      ],
      "/home/saasbook/github/neptus/neptus-blueprint/app/controllers/profilepage_controller.rb": [
        1,
        1,
        null,
        1,
        12,
        null,
        12,
        6,
        6,
        6,
        6,
        6,
        6,
        null,
        null,
        12,
        12,
        12,
        null,
        null,
        null,
        1,
        6,
        6,
        6,
        6,
        null,
        78,
        42,
        366,
        474,
        null,
        126,
        null,
        null,
        null
      ],
      "/home/saasbook/github/neptus/neptus-blueprint/app/controllers/welcome_controller.rb": [
        1,
        1,
        null,
        null,
        1,
        null,
        null,
        1,
        null,
        null
      ],
      "/home/saasbook/github/neptus/neptus-blueprint/app/mailers/user_mailer.rb": [
        null,
        null,
        1,
        1,
        null,
        1,
        0,
        0,
        null,
        0,
        null,
        null
      ],
      "/home/saasbook/github/neptus/neptus-blueprint/app/models/campus_requirement.rb": [
        1,
        1,
        1,
        null,
        null,
        1,
        6,
        null,
        null,
        1,
        12,
        null,
        null,
        null,
        1,
        6,
        null,
        6,
        42,
        null,
        null,
        6,
        null,
        null,
        null
      ],
      "/home/saasbook/github/neptus/neptus-blueprint/app/models/college.rb": [
        1,
        1,
        1,
        null
      ],
      "/home/saasbook/github/neptus/neptus-blueprint/app/models/course.rb": [
        1,
        1,
        1,
        1,
        null,
        1,
        null,
        null
      ],
      "/home/saasbook/github/neptus/neptus-blueprint/app/models/ls_college_requirement.rb": [
        1,
        1,
        1,
        null,
        null,
        null,
        1,
        6,
        6,
        6,
        6,
        6,
        6,
        6,
        6,
        6,
        6,
        null,
        null,
        1,
        12,
        null,
        12,
        12,
        12,
        12,
        12,
        12,
        12,
        12,
        12,
        12,
        null,
        12,
        null,
        null,
        null,
        1,
        6,
        null,
        6,
        42,
        null,
        null,
        6,
        42,
        null,
        null,
        6,
        42,
        null,
        null,
        6,
        42,
        null,
        null,
        6,
        42,
        null,
        null,
        6,
        42,
        null,
        null,
        6,
        42,
        null,
        null,
        6,
        42,
        null,
        null,
        6,
        42,
        null,
        null,
        6,
        42,
        null,
        null,
        6,
        null,
        null,
        null
      ],
      "/home/saasbook/github/neptus/neptus-blueprint/app/models/major.rb": [
        1,
        1,
        1,
        null
      ],
      "/home/saasbook/github/neptus/neptus-blueprint/app/models/major_requirement.rb": [
        1,
        null,
        1,
        1,
        1,
        1,
        1,
        1,
        1,
        1,
        1,
        1,
        1,
        1,
        1,
        1,
        1,
        1,
        1,
        1,
        1,
        1,
        1,
        null,
        null,
        null,
        1,
        6,
        6,
        6,
        6,
        6,
        6,
        6,
        6,
        6,
        6,
        6,
        6,
        6,
        6,
        6,
        6,
        6,
        6,
        6,
        6,
        6,
        null,
        null,
        1,
        0,
        null,
        null,
        0,
        null,
        null,
        1,
        6,
        null,
        6,
        5,
        null,
        null,
        6,
        5,
        null,
        null,
        6,
        5,
        null,
        null,
        6,
        5,
        null,
        null,
        6,
        5,
        null,
        null,
        6,
        5,
        null,
        null,
        6,
        6,
        null,
        null,
        6,
        6,
        null,
        null,
        6,
        6,
        null,
        null,
        6,
        6,
        null,
        null,
        6,
        6,
        null,
        null,
        6,
        6,
        null,
        null,
        6,
        6,
        null,
        null,
        6,
        6,
        null,
        null,
        6,
        6,
        null,
        null,
        6,
        6,
        null,
        null,
        6,
        6,
        null,
        null,
        6,
        6,
        null,
        null,
        6,
        6,
        null,
        null,
        6,
        6,
        null,
        null,
        6,
        6,
        null,
        null,
        6,
        null,
        null,
        null
      ],
      "/home/saasbook/github/neptus/neptus-blueprint/app/models/university_requirement.rb": [
        1,
        1,
        1,
        null,
        null,
        null,
        1,
        6,
        6,
        null,
        null,
        1,
        12,
        null,
        12,
        12,
        null,
        12,
        null,
        null,
        1,
        6,
        null,
        6,
        42,
        null,
        null,
        6,
        42,
        null,
        null,
        6,
        null,
        null
      ]
    },
    "timestamp": 1385164580
  }
}
