{
  "RSpec": {
    "coverage": {
      "/home/saasbook/github/neptus/neptus-blueprint/app/models/user.rb": [
        1,
        null,
        null,
        1,
        null,
        null,
        null,
        1,
        null,
        1,
        null,
        null,
        1,
        1,
        null,
        null,
        1,
        null,
        null,
        1,
        1,
        1,
        1,
        1,
        1,
        1,
        1,
        1,
        1,
        null,
        null,
        1,
        1,
        1,
        1,
        1,
        1,
        1,
        1,
        1,
        1,
        1,
        1,
        1,
        1,
        1,
        1,
        1,
        1,
        1,
        1,
        1,
        null,
        null,
        1,
        null,
        null,
        1,
        null,
        null,
        null,
        null,
        1,
        0,
        0,
        0,
        null,
        0,
        null,
        null,
        null,
        null,
        null
      ],
      "/home/saasbook/github/neptus/neptus-blueprint/app/controllers/application_controller.rb": [
        1,
        1,
        null
      ],
      "/home/saasbook/github/neptus/neptus-blueprint/app/helpers/application_helper.rb": [
        1,
        null,
        1,
        0,
        0,
        0,
        0,
        0,
        null,
        null,
        null
      ],
      "/home/saasbook/github/neptus/neptus-blueprint/app/helpers/home_helper.rb": [
        1,
        null
      ],
      "/home/saasbook/github/neptus/neptus-blueprint/app/helpers/major_select_helper.rb": [
        1,
        null
      ],
      "/home/saasbook/github/neptus/neptus-blueprint/app/helpers/profilepage_helper.rb": [
        1,
        null
      ],
      "/home/saasbook/github/neptus/neptus-blueprint/app/helpers/welcome_helper.rb": [
        1,
        null
      ],
      "/home/saasbook/github/neptus/neptus-blueprint/app/controllers/major_select_controller.rb": [
        1,
        1,
        0,
        0,
        null,
        null,
        null,
        1,
        0,
        null,
        0,
        null,
        null,
        null
      ],
      "/home/saasbook/github/neptus/neptus-blueprint/app/controllers/profilepage_controller.rb": [
        1,
        1,
        null,
        1,
        0,
        null,
        0,
        0,
        0,
        0,
        0,
        0,
        0,
        null,
        null,
        0,
        0,
        0,
        null,
        null,
        null,
        1,
        0,
        0,
        0,
        0,
        null,
        0,
        0,
        0,
        0,
        null,
        0,
        null,
        null,
        null
      ],
      "/home/saasbook/github/neptus/neptus-blueprint/app/controllers/welcome_controller.rb": [
        1,
        1,
        null,
        null,
        1,
        null,
        null,
        1,
        null,
        null
      ],
      "/home/saasbook/github/neptus/neptus-blueprint/app/mailers/user_mailer.rb": [
        null,
        null,
        1,
        1,
        null,
        1,
        0,
        0,
        null,
        0,
        null,
        null
      ],
      "/home/saasbook/github/neptus/neptus-blueprint/app/models/campus_requirement.rb": [
        1,
        1,
        1,
        null,
        null,
        1,
        0,
        null,
        null,
        1,
        0,
        null,
        null,
        null,
        1,
        0,
        null,
        0,
        0,
        null,
        null,
        0,
        null,
        null,
        null
      ],
      "/home/saasbook/github/neptus/neptus-blueprint/app/models/college.rb": [
        1,
        1,
        1,
        null
      ],
      "/home/saasbook/github/neptus/neptus-blueprint/app/models/course.rb": [
        1,
        1,
        1,
        1,
        null,
        1,
        null,
        null
      ],
      "/home/saasbook/github/neptus/neptus-blueprint/app/models/ls_college_requirement.rb": [
        1,
        1,
        1,
        null,
        null,
        null,
        1,
        0,
        0,
        0,
        0,
        0,
        0,
        0,
        0,
        0,
        0,
        null,
        null,
        1,
        0,
        null,
        0,
        0,
        0,
        0,
        0,
        0,
        0,
        0,
        0,
        0,
        null,
        0,
        null,
        null,
        null,
        1,
        0,
        null,
        0,
        0,
        null,
        null,
        0,
        0,
        null,
        null,
        0,
        0,
        null,
        null,
        0,
        0,
        null,
        null,
        0,
        0,
        null,
        null,
        0,
        0,
        null,
        null,
        0,
        0,
        null,
        null,
        0,
        0,
        null,
        null,
        0,
        0,
        null,
        null,
        0,
        0,
        null,
        null,
        0,
        null,
        null,
        null
      ],
      "/home/saasbook/github/neptus/neptus-blueprint/app/models/major.rb": [
        1,
        1,
        1,
        null
      ],
      "/home/saasbook/github/neptus/neptus-blueprint/app/models/major_requirement.rb": [
        1,
        null,
        1,
        1,
        1,
        1,
        1,
        1,
        1,
        1,
        1,
        1,
        1,
        1,
        1,
        1,
        1,
        1,
        1,
        1,
        1,
        1,
        1,
        null,
        null,
        null,
        1,
        0,
        0,
        0,
        0,
        0,
        0,
        0,
        0,
        0,
        0,
        0,
        0,
        0,
        0,
        0,
        0,
        0,
        0,
        0,
        0,
        0,
        null,
        null,
        1,
        0,
        null,
        null,
        0,
        null,
        null,
        1,
        0,
        null,
        0,
        0,
        null,
        null,
        0,
        0,
        null,
        null,
        0,
        0,
        null,
        null,
        0,
        0,
        null,
        null,
        0,
        0,
        null,
        null,
        0,
        0,
        null,
        null,
        0,
        0,
        null,
        null,
        0,
        0,
        null,
        null,
        0,
        0,
        null,
        null,
        0,
        0,
        null,
        null,
        0,
        0,
        null,
        null,
        0,
        0,
        null,
        null,
        0,
        0,
        null,
        null,
        0,
        0,
        null,
        null,
        0,
        0,
        null,
        null,
        0,
        0,
        null,
        null,
        0,
        0,
        null,
        null,
        0,
        0,
        null,
        null,
        0,
        0,
        null,
        null,
        0,
        0,
        null,
        null,
        0,
        0,
        null,
        null,
        0,
        null,
        null,
        null
      ],
      "/home/saasbook/github/neptus/neptus-blueprint/app/models/university_requirement.rb": [
        1,
        1,
        1,
        null,
        null,
        null,
        1,
        0,
        0,
        null,
        null,
        1,
        0,
        null,
        0,
        0,
        null,
        0,
        null,
        null,
        1,
        0,
        null,
        0,
        0,
        null,
        null,
        0,
        0,
        null,
        null,
        0,
        null,
        null
      ]
    },
    "timestamp": 1385154510
  },
  "Cucumber Features": {
    "coverage": {
      "/home/saasbook/github/neptus/neptus-blueprint/app/models/user.rb": [
        1,
        null,
        null,
        1,
        null,
        null,
        null,
        1,
        null,
        1,
        null,
        null,
        1,
        1,
        null,
        null,
        1,
        null,
        null,
        1,
        1,
        1,
        1,
        1,
        1,
        1,
        1,
        1,
        1,
        null,
        null,
        1,
        1,
        1,
        1,
        1,
        1,
        1,
        1,
        1,
        1,
        1,
        1,
        1,
        1,
        1,
        1,
        1,
        1,
        1,
        1,
        1,
        null,
        null,
        1,
        null,
        null,
        1,
        null,
        null,
        null,
        null,
        1,
        0,
        0,
        0,
        null,
        0,
        null,
        null,
        null,
        null,
        null
      ],
      "/home/saasbook/github/neptus/neptus-blueprint/app/controllers/application_controller.rb": [
        1,
        1,
        null
      ],
      "/home/saasbook/github/neptus/neptus-blueprint/app/helpers/application_helper.rb": [
        1,
        null,
        1,
        1,
        1,
        0,
        0,
        0,
        null,
        null,
        null
      ],
      "/home/saasbook/github/neptus/neptus-blueprint/app/helpers/home_helper.rb": [
        1,
        null
      ],
      "/home/saasbook/github/neptus/neptus-blueprint/app/helpers/major_select_helper.rb": [
        1,
        null
      ],
      "/home/saasbook/github/neptus/neptus-blueprint/app/helpers/profilepage_helper.rb": [
        1,
        null
      ],
      "/home/saasbook/github/neptus/neptus-blueprint/app/helpers/welcome_helper.rb": [
        1,
        null
      ],
      "/home/saasbook/github/neptus/neptus-blueprint/app/controllers/major_select_controller.rb": [
        1,
        1,
        0,
        0,
        null,
        null,
        null,
        1,
        0,
        null,
        0,
        null,
        null,
        null
      ],
      "/home/saasbook/github/neptus/neptus-blueprint/app/controllers/profilepage_controller.rb": [
        1,
        1,
        null,
        1,
        2,
        null,
        2,
        1,
        1,
        1,
        1,
        1,
        1,
        null,
        null,
        2,
        2,
        2,
        null,
        null,
        null,
        1,
        1,
        1,
        1,
        1,
        null,
        5,
        3,
        21,
        27,
        null,
        21,
        null,
        null,
        null
      ],
      "/home/saasbook/github/neptus/neptus-blueprint/app/controllers/welcome_controller.rb": [
        1,
        1,
        null,
        null,
        1,
        null,
        null,
        1,
        null,
        null
      ],
      "/home/saasbook/github/neptus/neptus-blueprint/app/mailers/user_mailer.rb": [
        null,
        null,
        1,
        1,
        null,
        1,
        0,
        0,
        null,
        0,
        null,
        null
      ],
      "/home/saasbook/github/neptus/neptus-blueprint/app/models/campus_requirement.rb": [
        1,
        1,
        1,
        null,
        null,
        1,
        1,
        null,
        null,
        1,
        2,
        null,
        null,
        null,
        1,
        1,
        null,
        1,
        3,
        null,
        null,
        1,
        null,
        null,
        null
      ],
      "/home/saasbook/github/neptus/neptus-blueprint/app/models/college.rb": [
        1,
        1,
        1,
        null
      ],
      "/home/saasbook/github/neptus/neptus-blueprint/app/models/course.rb": [
        1,
        1,
        1,
        1,
        null,
        1,
        null,
        null
      ],
      "/home/saasbook/github/neptus/neptus-blueprint/app/models/ls_college_requirement.rb": [
        1,
        1,
        1,
        null,
        null,
        null,
        1,
        1,
        1,
        1,
        1,
        1,
        1,
        1,
        1,
        1,
        1,
        null,
        null,
        1,
        2,
        null,
        2,
        2,
        2,
        2,
        2,
        2,
        2,
        2,
        2,
        2,
        null,
        2,
        null,
        null,
        null,
        1,
        1,
        null,
        1,
        3,
        null,
        null,
        1,
        3,
        null,
        null,
        1,
        3,
        null,
        null,
        1,
        3,
        null,
        null,
        1,
        3,
        null,
        null,
        1,
        3,
        null,
        null,
        1,
        3,
        null,
        null,
        1,
        3,
        null,
        null,
        1,
        3,
        null,
        null,
        1,
        3,
        null,
        null,
        1,
        null,
        null,
        null
      ],
      "/home/saasbook/github/neptus/neptus-blueprint/app/models/major.rb": [
        1,
        1,
        1,
        null
      ],
      "/home/saasbook/github/neptus/neptus-blueprint/app/models/major_requirement.rb": [
        1,
        null,
        1,
        1,
        1,
        1,
        1,
        1,
        1,
        1,
        1,
        1,
        1,
        1,
        1,
        1,
        1,
        1,
        1,
        1,
        1,
        1,
        1,
        null,
        null,
        null,
        1,
        1,
        1,
        1,
        1,
        1,
        1,
        1,
        1,
        1,
        1,
        1,
        1,
        1,
        1,
        1,
        1,
        1,
        1,
        1,
        1,
        1,
        null,
        null,
        1,
        0,
        null,
        null,
        0,
        null,
        null,
        1,
        1,
        null,
        1,
        0,
        null,
        null,
        1,
        1,
        null,
        null,
        1,
        1,
        null,
        null,
        1,
        1,
        null,
        null,
        1,
        1,
        null,
        null,
        1,
        1,
        null,
        null,
        1,
        1,
        null,
        null,
        1,
        1,
        null,
        null,
        1,
        1,
        null,
        null,
        1,
        1,
        null,
        null,
        1,
        1,
        null,
        null,
        1,
        1,
        null,
        null,
        1,
        1,
        null,
        null,
        1,
        1,
        null,
        null,
        1,
        1,
        null,
        null,
        1,
        1,
        null,
        null,
        1,
        1,
        null,
        null,
        1,
        1,
        null,
        null,
        1,
        1,
        null,
        null,
        1,
        1,
        null,
        null,
        1,
        1,
        null,
        null,
        1,
        null,
        null,
        null
      ],
      "/home/saasbook/github/neptus/neptus-blueprint/app/models/university_requirement.rb": [
        1,
        1,
        1,
        null,
        null,
        null,
        1,
        1,
        1,
        null,
        null,
        1,
        2,
        null,
        2,
        2,
        null,
        2,
        null,
        null,
        1,
        1,
        null,
        1,
        3,
        null,
        null,
        1,
        3,
        null,
        null,
        1,
        null,
        null
      ]
    },
    "timestamp": 1385164154
  }
}
